<?xml version="1.0" encoding="UTF-8"?>
<!-- Generated by org.testng.reporters.JUnitXMLReporter -->
<testsuite ignored="0" hostname="DESKTOP-E715U4O" failures="0" tests="4" name="Default test" time="3.359" errors="0" timestamp="06 Jun 2023 05:36:55 GMT">
  <testcase classname="day1.HTTPMethods" name="geTListOfUsers" time="1.857"/>
  <testcase classname="day1.HTTPMethods" name="createUser" time="0.691"/>
  <testcase classname="day1.HTTPMethods" name="updateUser" time="0.392"/>
  <testcase classname="day1.HTTPMethods" name="deleteUser" time="0.396"/>
</testsuite> <!-- Default test -->
