<?xml version="1.0" encoding="UTF-8"?>
<testng-results ignored="0" total="1" passed="1" failed="0" skipped="0">
  <reporter-output>
  </reporter-output>
  <suite started-at="2023-06-06T07:30:46Z" name="Default suite" finished-at="2023-06-06T07:30:47Z" duration-ms="1820">
    <groups>
    </groups>
    <test started-at="2023-06-06T07:30:46Z" name="Default test" finished-at="2023-06-06T07:30:47Z" duration-ms="1820">
      <class name="day3.CaptureCookiesValues">
        <test-method signature="getCookiesInfo()[pri:0, instance:day3.CaptureCookiesValues@6a2f6f80]" started-at="2023-06-06T07:30:46Z" name="getCookiesInfo" finished-at="2023-06-06T07:30:47Z" duration-ms="1798" status="PASS">
          <reporter-output>
          </reporter-output>
        </test-method> <!-- getCookiesInfo -->
      </class> <!-- day3.CaptureCookiesValues -->
    </test> <!-- Default test -->
  </suite> <!-- Default suite -->
</testng-results>
