<?xml version="1.0" encoding="UTF-8"?>
<testng-results ignored="0" total="1" passed="1" failed="0" skipped="0">
  <reporter-output>
  </reporter-output>
  <suite started-at="2023-06-06T08:09:29Z" name="Default suite" finished-at="2023-06-06T08:09:31Z" duration-ms="1987">
    <groups>
    </groups>
    <test started-at="2023-06-06T08:09:29Z" name="Default test" finished-at="2023-06-06T08:09:31Z" duration-ms="1987">
      <class name="day3.CaptureHeaderValues">
        <test-method signature="getHeadersInfo()[pri:0, instance:day3.CaptureHeaderValues@1190200a]" started-at="2023-06-06T08:09:29Z" name="getHeadersInfo" finished-at="2023-06-06T08:09:31Z" duration-ms="1964" status="PASS">
          <reporter-output>
          </reporter-output>
        </test-method> <!-- getHeadersInfo -->
      </class> <!-- day3.CaptureHeaderValues -->
    </test> <!-- Default test -->
  </suite> <!-- Default suite -->
</testng-results>
